0 info it worked if it ends with ok
1 verbose cli [ '/usr/bin/nodejs', '/usr/bin/npm', 'run', 'lite' ]
2 info using npm@1.4.21
3 info using node@v0.10.25
4 verbose run-script [ 'prelite', 'lite', 'postlite' ]
5 info prelite angular2-quickstart@1.0.0
6 info lite angular2-quickstart@1.0.0
7 verbose unsafe-perm in lifecycle true
8 info angular2-quickstart@1.0.0 Failed to exec lite script
9 error angular2-quickstart@1.0.0 lite: `lite-server`
9 error Exit status 8
10 error Failed at the angular2-quickstart@1.0.0 lite script.
10 error This is most likely a problem with the angular2-quickstart package,
10 error not with npm itself.
10 error Tell the author that this fails on your system:
10 error     lite-server
10 error You can get their info via:
10 error     npm owner ls angular2-quickstart
10 error There is likely additional logging output above.
11 error System Linux 4.2.0-23-generic
12 error command "/usr/bin/nodejs" "/usr/bin/npm" "run" "lite"
13 error cwd /home/oziaz/Documents/angular2-tourofheroes
14 error node -v v0.10.25
15 error npm -v 1.4.21
16 error code ELIFECYCLE
17 verbose exit [ 1, true ]
